<?xml version="1.0" encoding="UTF-8"?>
<testsuite xmlns:xsi="http://www.w3.org/2001/XMLSchema-instance" xsi:noNamespaceSchemaLocation="https://maven.apache.org/surefire/maven-surefire-plugin/xsd/surefire-test-report.xsd" name="scalable.capital.test.MainTest" time="0.569" tests="3" errors="0" skipped="0" failures="0">
  <properties>
[...]
</properties>
  <testcase name="testQuery_empty" classname="scalable.capital.test.MainTest" time="0.003"/>
  <testcase name="testQuery" classname="scalable.capital.test.MainTest" time="0.003"/>
  <testcase name="testGetPage" classname="scalable.capital.test.MainTest" time="0.552"/>
</testsuite>