<?xml version="1.0" encoding="UTF-8"?>
<testsuite xmlns:xsi="http://www.w3.org/2001/XMLSchema-instance" xsi:noNamespaceSchemaLocation="https://maven.apache.org/surefire/maven-surefire-plugin/xsd/surefire-test-report.xsd" name="scalable.capital.test.MainTest" time="1.613" tests="4" errors="0" skipped="0" failures="0">
  <properties>
[...]
</properties>
  <testcase name="testQuery_empty" classname="scalable.capital.test.MainTest" time="0.007"/>
  <testcase name="testQuery" classname="scalable.capital.test.MainTest" time="0.005"/>
  <testcase name="testGetPage" classname="scalable.capital.test.MainTest" time="0.455"/>
  <testcase name="testGetResultPage" classname="scalable.capital.test.MainTest" time="1.126"/>
</testsuite>